Using pre-set license
Built from '2020.3/release' branch; Version is '2020.3.12f1 (b3b2c6512326) revision 11776710'; Using compiler version '192528614'; Build Type 'Release'
OS: 'Windows 10 Pro; OS build 19042.928; Version 2009; 64bit' Language: 'en' Physical Memory: 16243 MB
BatchMode: 1, IsHumanControllingUs: 0, StartBugReporterOnCrash: 0, Is64bit: 1, IsPro: 0

 COMMAND LINE ARGUMENTS:
C:\Program Files\Unity\Hub\Editor\2020.3.12f1\Editor\Unity.exe
-adb2
-batchMode
-noUpm
-name
AssetImportWorker0
-projectPath
C:/Users/nghoa/Desktop/GameDev-A01-main/A01
-logFile
Logs/AssetImportWorker0.log
-srvPort
55896
Successfully changed project path to: C:/Users/nghoa/Desktop/GameDev-A01-main/A01
C:/Users/nghoa/Desktop/GameDev-A01-main/A01
Using Asset Import Pipeline V2.
Refreshing native plugins compatible for Editor in 123.25 ms, found 3 plugins.
Preloading 0 native plugins for Editor in 0.00 ms.
Initialize engine version: 2020.3.12f1 (b3b2c6512326)
[Subsystems] Discovering subsystems at path C:/Program Files/Unity/Hub/Editor/2020.3.12f1/Editor/Data/Resources/UnitySubsystems
[Subsystems] Discovering subsystems at path C:/Users/nghoa/Desktop/GameDev-A01-main/A01/Assets
GfxDevice: creating device client; threaded=0
Direct3D:
    Version:  Direct3D 11.0 [level 11.1]
    Renderer: Intel(R) UHD Graphics 620 (ID=0x5917)
    Vendor:   
    VRAM:     8121 MB
    Driver:   27.20.100.8681
Initialize mono
Mono path[0] = 'C:/Program Files/Unity/Hub/Editor/2020.3.12f1/Editor/Data/Managed'
Mono path[1] = 'C:/Program Files/Unity/Hub/Editor/2020.3.12f1/Editor/Data/MonoBleedingEdge/lib/mono/unityjit'
Mono config path = 'C:/Program Files/Unity/Hub/Editor/2020.3.12f1/Editor/Data/MonoBleedingEdge/etc'
Using monoOptions --debugger-agent=transport=dt_socket,embedding=1,server=y,suspend=n,address=127.0.0.1:56524
Begin MonoManager ReloadAssembly
Registering precompiled unity dll's ...
Register platform support module: C:/Program Files/Unity/Hub/Editor/2020.3.12f1/Editor/Data/PlaybackEngines/WebGLSupport/UnityEditor.WebGL.Extensions.dll
Register platform support module: C:/Program Files/Unity/Hub/Editor/2020.3.12f1/Editor/Data/PlaybackEngines/WindowsStandaloneSupport/UnityEditor.WindowsStandalone.Extensions.dll
Registered in 0.006709 seconds.
Native extension for WindowsStandalone target not found
Native extension for WebGL target not found
Refreshing native plugins compatible for Editor in 101.76 ms, found 3 plugins.
Preloading 0 native plugins for Editor in 0.00 ms.
Mono: successfully reloaded assembly
- Completed reload, in  2.828 seconds
Platform modules already initialized, skipping
Registering precompiled user dll's ...
Registered in 0.012183 seconds.
Begin MonoManager ReloadAssembly
Native extension for WindowsStandalone target not found
Native extension for WebGL target not found
Refreshing native plugins compatible for Editor in 95.81 ms, found 3 plugins.
Preloading 0 native plugins for Editor in 0.00 ms.
Mono: successfully reloaded assembly
- Completed reload, in  2.729 seconds
Platform modules already initialized, skipping
========================================================================
Worker process is ready to serve import requests
Launched and connected shader compiler UnityShaderCompiler.exe after 0.06 seconds
Refreshing native plugins compatible for Editor in 0.84 ms, found 3 plugins.
Preloading 0 native plugins for Editor in 0.00 ms.
Unloading 2081 Unused Serialized files (Serialized files now loaded: 0)
System memory in use before: 92.7 MB.
System memory in use after: 92.8 MB.

Unloading 28 unused Assets to reduce memory usage. Loaded Objects now: 2519.
Total: 5.528700 ms (FindLiveObjects: 0.477200 ms CreateObjectMapping: 0.209500 ms MarkObjects: 4.686100 ms  DeleteObjects: 0.153100 ms)

AssetImportParameters requested are different than current active one (requested -> active):
  custom:framework-win-MediaFoundation: 216162199b28c13a410421893ffa2e32 -> 
  custom:video-decoder-ogg-theora: a1e56fd34408186e4bbccfd4996cb3dc -> 
  custom:container-muxer-webm: aa71ff27fc2769a1b78a27578f13a17b -> 
  custom:container-demuxer-webm: 4f35f7cbe854078d1ac9338744f61a02 -> 
  custom:container-demuxer-ogg: 62fdf1f143b41e24485cea50d1cbac27 -> 
  custom:video-encoder-webm-vp8: eb34c28f22e8b96e1ab97ce403110664 -> 
  custom:video-decoder-webm-vp8: 9c59270c3fd7afecdb556c50c9e8de78 -> 
  custom:audio-decoder-ogg-vorbis: bf7c407c2cedff20999df2af8eb42d56 -> 
  custom:audio-encoder-webm-vorbis: bf7c407c2cedff20999df2af8eb42d56 -> 
========================================================================
Received Import Request.
  path: Assets/AO1.unity
  artifactKey: Guid(7f00f07408df8c9419079c92dce807d0) Importer(815301076,1909f56bfc062723c751e8b465ee728b)
Start importing Assets/AO1.unity using Guid(7f00f07408df8c9419079c92dce807d0) Importer(815301076,1909f56bfc062723c751e8b465ee728b)  -> (artifact id: 'c5b626ff2068e67cb43251605dd04a24') in 0.045579 seconds 
  Import took 0.055530 seconds .

========================================================================
Received Import Request.
  Time since last request: 83.815488 seconds.
  path: Assets/Scenes/DS_DSi_-_Rondo_of_Swords_-_Armored_Knight_Sword-removebg-preview.png
  artifactKey: Guid(50193cc24d542234a96bec5c025fe386) Importer(815301076,1909f56bfc062723c751e8b465ee728b)
Start importing Assets/Scenes/DS_DSi_-_Rondo_of_Swords_-_Armored_Knight_Sword-removebg-preview.png using Guid(50193cc24d542234a96bec5c025fe386) Importer(815301076,1909f56bfc062723c751e8b465ee728b)  -> (artifact id: 'b48f1c2211b97c9ee2bf4a162318bb3a') in 0.482139 seconds 
  Import took 0.491119 seconds .

========================================================================
Received Import Request.
  Time since last request: 0.000555 seconds.
  path: Assets/Scenes/GroundTiles_17.asset
  artifactKey: Guid(923689843fd0d3c4db2fae160d5cb80c) Importer(815301076,1909f56bfc062723c751e8b465ee728b)
Start importing Assets/Scenes/GroundTiles_17.asset using Guid(923689843fd0d3c4db2fae160d5cb80c) Importer(815301076,1909f56bfc062723c751e8b465ee728b)  -> (artifact id: 'ddcbd578f8d27fc91669a513d5f9cb37') in 0.082173 seconds 
  Import took 0.089403 seconds .

========================================================================
Received Import Request.
  Time since last request: 0.000421 seconds.
  path: Assets/Scenes/GroundTiles_140.asset
  artifactKey: Guid(3ef1c2f5755011d458ed1368f0ae3ed5) Importer(815301076,1909f56bfc062723c751e8b465ee728b)
Start importing Assets/Scenes/GroundTiles_140.asset using Guid(3ef1c2f5755011d458ed1368f0ae3ed5) Importer(815301076,1909f56bfc062723c751e8b465ee728b)  -> (artifact id: 'bee603509bc263bdc77294d84c1d1233') in 0.015804 seconds 
  Import took 0.019373 seconds .

========================================================================
Received Import Request.
  Time since last request: 0.000239 seconds.
  path: Assets/Scenes/GroundTiles_9.asset
  artifactKey: Guid(59fcf93810b1cc443af76c5362e708fc) Importer(815301076,1909f56bfc062723c751e8b465ee728b)
Start importing Assets/Scenes/GroundTiles_9.asset using Guid(59fcf93810b1cc443af76c5362e708fc) Importer(815301076,1909f56bfc062723c751e8b465ee728b)  -> (artifact id: 'c44e4d625eea747067dd7fda35fc5de0') in 0.019756 seconds 
  Import took 0.024307 seconds .

========================================================================
Received Import Request.
  Time since last request: 0.000252 seconds.
  path: Assets/Scenes/GroundTiles_33.asset
  artifactKey: Guid(a27f81527e71dc848933c7c7bc951510) Importer(815301076,1909f56bfc062723c751e8b465ee728b)
Start importing Assets/Scenes/GroundTiles_33.asset using Guid(a27f81527e71dc848933c7c7bc951510) Importer(815301076,1909f56bfc062723c751e8b465ee728b)  -> (artifact id: 'a058c67d433e8fce28885a1b2e8d2dd6') in 0.015953 seconds 
  Import took 0.021587 seconds .

========================================================================
Received Import Request.
  Time since last request: 0.000359 seconds.
  path: Assets/Scenes
  artifactKey: Guid(ee0eb4ea70359d540ba8e6289d715067) Importer(815301076,1909f56bfc062723c751e8b465ee728b)
Start importing Assets/Scenes using Guid(ee0eb4ea70359d540ba8e6289d715067) Importer(815301076,1909f56bfc062723c751e8b465ee728b)  -> (artifact id: '9f11ec5f28d21265d132dcea5a3eee06') in 0.007296 seconds 
  Import took 0.011605 seconds .

========================================================================
Received Import Request.
  Time since last request: 0.000255 seconds.
  path: Assets/Scenes/GroundTiles_121.asset
  artifactKey: Guid(08666d730ba01564da346be4dc2dfd72) Importer(815301076,1909f56bfc062723c751e8b465ee728b)
Start importing Assets/Scenes/GroundTiles_121.asset using Guid(08666d730ba01564da346be4dc2dfd72) Importer(815301076,1909f56bfc062723c751e8b465ee728b)  -> (artifact id: '5e13427f1191d95568d5bf3f04b30954') in 0.016724 seconds 
  Import took 0.021234 seconds .

========================================================================
Received Import Request.
  Time since last request: 0.000284 seconds.
  path: Assets/Scenes/GroundTiles_97.asset
  artifactKey: Guid(dc66831bde2a88a47a7d04b12f8e63a5) Importer(815301076,1909f56bfc062723c751e8b465ee728b)
Start importing Assets/Scenes/GroundTiles_97.asset using Guid(dc66831bde2a88a47a7d04b12f8e63a5) Importer(815301076,1909f56bfc062723c751e8b465ee728b)  -> (artifact id: 'ef3792f82ebde720c04bf0ca13fb8f8a') in 0.017418 seconds 
  Import took 0.022902 seconds .

========================================================================
Received Import Request.
  Time since last request: 0.000307 seconds.
  path: Assets/Scenes/GroundTiles_35.asset
  artifactKey: Guid(8a797cf17e9c9f64bb8b957a11f6d291) Importer(815301076,1909f56bfc062723c751e8b465ee728b)
Start importing Assets/Scenes/GroundTiles_35.asset using Guid(8a797cf17e9c9f64bb8b957a11f6d291) Importer(815301076,1909f56bfc062723c751e8b465ee728b)  -> (artifact id: '0aefbd1def6f2e551df22db1139405f4') in 0.014828 seconds 
  Import took 0.019945 seconds .

========================================================================
Received Import Request.
  Time since last request: 0.000287 seconds.
  path: Assets/Scenes/GroundTiles_139.asset
  artifactKey: Guid(addd7879daa7bf2469e21f2dd0e5a9a2) Importer(815301076,1909f56bfc062723c751e8b465ee728b)
Start importing Assets/Scenes/GroundTiles_139.asset using Guid(addd7879daa7bf2469e21f2dd0e5a9a2) Importer(815301076,1909f56bfc062723c751e8b465ee728b)  -> (artifact id: 'e2223823da959698313eed2939cefb68') in 0.014743 seconds 
  Import took 0.019206 seconds .

========================================================================
Received Import Request.
  Time since last request: 0.000282 seconds.
  path: Assets/Scenes/Palette 1.prefab
  artifactKey: Guid(c2eea86e2d423f2408738eadfc550e32) Importer(815301076,1909f56bfc062723c751e8b465ee728b)
Start importing Assets/Scenes/Palette 1.prefab using Guid(c2eea86e2d423f2408738eadfc550e32) Importer(815301076,1909f56bfc062723c751e8b465ee728b)  -> (artifact id: '906b8607252fa1f9681d126bc9bf121d') in 0.016015 seconds 
  Import took 0.020184 seconds .

========================================================================
Received Import Request.
  Time since last request: 0.000360 seconds.
  path: Assets/Scenes/GroundTiles_119.asset
  artifactKey: Guid(10d2c594472760544b5599f2dd2863f9) Importer(815301076,1909f56bfc062723c751e8b465ee728b)
Start importing Assets/Scenes/GroundTiles_119.asset using Guid(10d2c594472760544b5599f2dd2863f9) Importer(815301076,1909f56bfc062723c751e8b465ee728b)  -> (artifact id: 'ea0f010bbe3f184461b0f1cca106927a') in 0.020413 seconds 
  Import took 0.024929 seconds .

========================================================================
Received Import Request.
  Time since last request: 0.000300 seconds.
  path: Assets/Scenes/GroundTiles_141.asset
  artifactKey: Guid(cba23149af6e3f3439dd37771f3140d3) Importer(815301076,1909f56bfc062723c751e8b465ee728b)
Start importing Assets/Scenes/GroundTiles_141.asset using Guid(cba23149af6e3f3439dd37771f3140d3) Importer(815301076,1909f56bfc062723c751e8b465ee728b)  -> (artifact id: '9dd46b513cc8f633524728f4e781ae6a') in 0.014917 seconds 
  Import took 0.019271 seconds .

========================================================================
Received Import Request.
  Time since last request: 0.000309 seconds.
  path: Assets/Scenes/GroundTiles_8.asset
  artifactKey: Guid(4804fe86e6cdf5243823eb5bf57e9476) Importer(815301076,1909f56bfc062723c751e8b465ee728b)
Start importing Assets/Scenes/GroundTiles_8.asset using Guid(4804fe86e6cdf5243823eb5bf57e9476) Importer(815301076,1909f56bfc062723c751e8b465ee728b)  -> (artifact id: '16a0fc0b3f8e9a653cee1a8db3729bbb') in 0.017560 seconds 
  Import took 0.022644 seconds .

========================================================================
Received Import Request.
  Time since last request: 0.000304 seconds.
  path: Assets/Scenes/GroundTiles_102.asset
  artifactKey: Guid(23beb8e0c5dea2c49a880b9d99221296) Importer(815301076,1909f56bfc062723c751e8b465ee728b)
Start importing Assets/Scenes/GroundTiles_102.asset using Guid(23beb8e0c5dea2c49a880b9d99221296) Importer(815301076,1909f56bfc062723c751e8b465ee728b)  -> (artifact id: '00ee909348bba0b74d9275414f489cc6') in 0.016927 seconds 
  Import took 0.020973 seconds .

========================================================================
Received Import Request.
  Time since last request: 0.000304 seconds.
  path: Assets/Scenes/GroundTiles_98.asset
  artifactKey: Guid(6a97d89bee3f5be429b585d43f6c3654) Importer(815301076,1909f56bfc062723c751e8b465ee728b)
Start importing Assets/Scenes/GroundTiles_98.asset using Guid(6a97d89bee3f5be429b585d43f6c3654) Importer(815301076,1909f56bfc062723c751e8b465ee728b)  -> (artifact id: '8dc599e549b4976e8c59a4179de5d01b') in 0.016780 seconds 
  Import took 0.021516 seconds .

========================================================================
Received Import Request.
  Time since last request: 0.000320 seconds.
  path: Assets/Scenes/GroundTiles.png
  artifactKey: Guid(bb9b981ec564498498c1d632b2f95307) Importer(815301076,1909f56bfc062723c751e8b465ee728b)
Start importing Assets/Scenes/GroundTiles.png using Guid(bb9b981ec564498498c1d632b2f95307) Importer(815301076,1909f56bfc062723c751e8b465ee728b)  -> (artifact id: 'd6e72dd7bc0a5bd2f812513086f7e00e') in 1.508747 seconds 
  Import took 1.518723 seconds .

========================================================================
Received Import Request.
  Time since last request: 0.000522 seconds.
  path: Assets/Scenes/GroundTiles_65.asset
  artifactKey: Guid(71f6f5a8b98da8540b694f4663d8aa80) Importer(815301076,1909f56bfc062723c751e8b465ee728b)
Start importing Assets/Scenes/GroundTiles_65.asset using Guid(71f6f5a8b98da8540b694f4663d8aa80) Importer(815301076,1909f56bfc062723c751e8b465ee728b)  -> (artifact id: 'b867f7e9dabd80980f0fdf5c22784320') in 0.026255 seconds 
  Import took 0.032841 seconds .

========================================================================
Received Import Request.
  Time since last request: 0.000393 seconds.
  path: Assets/Scenes/GroundTiles_66.asset
  artifactKey: Guid(11f093133c2fe6e428bac261ef5a94a6) Importer(815301076,1909f56bfc062723c751e8b465ee728b)
Start importing Assets/Scenes/GroundTiles_66.asset using Guid(11f093133c2fe6e428bac261ef5a94a6) Importer(815301076,1909f56bfc062723c751e8b465ee728b)  -> (artifact id: '67f019154e88b29ed7e7fc316f22a97d') in 0.017196 seconds 
  Import took 0.022523 seconds .

========================================================================
Received Import Request.
  Time since last request: 0.000376 seconds.
  path: Assets/Scenes/GroundTiles_32.asset
  artifactKey: Guid(b224609a50816f84ba64958f20a2063d) Importer(815301076,1909f56bfc062723c751e8b465ee728b)
Start importing Assets/Scenes/GroundTiles_32.asset using Guid(b224609a50816f84ba64958f20a2063d) Importer(815301076,1909f56bfc062723c751e8b465ee728b)  -> (artifact id: '9a1b45eeb7d3e083169f0b427acb11e3') in 0.015660 seconds 
  Import took 0.020751 seconds .

========================================================================
Received Import Request.
  Time since last request: 0.386590 seconds.
  path: Assets/Scenes/SampleScene.unity
  artifactKey: Guid(2cda990e2423bbf4892e6590ba056729) Importer(815301076,1909f56bfc062723c751e8b465ee728b)
Start importing Assets/Scenes/SampleScene.unity using Guid(2cda990e2423bbf4892e6590ba056729) Importer(815301076,1909f56bfc062723c751e8b465ee728b)  -> (artifact id: '42dec367da5d6193ca38a2f473b1844f') in 0.007042 seconds 
  Import took 0.012390 seconds .

========================================================================
Received Import Request.
  Time since last request: 0.008239 seconds.
  path: Assets/Scenes/SampleScene.unity
  artifactKey: Guid(2cda990e2423bbf4892e6590ba056729) Importer(815301076,1909f56bfc062723c751e8b465ee728b)
Start importing Assets/Scenes/SampleScene.unity using Guid(2cda990e2423bbf4892e6590ba056729) Importer(815301076,1909f56bfc062723c751e8b465ee728b)  -> (artifact id: '42dec367da5d6193ca38a2f473b1844f') in 0.002591 seconds 
  Import took 0.007768 seconds .

========================================================================
Received Prepare
Registering precompiled user dll's ...
Registered in 0.011041 seconds.
Begin MonoManager ReloadAssembly
Native extension for WindowsStandalone target not found
Native extension for WebGL target not found
Refreshing native plugins compatible for Editor in 0.92 ms, found 3 plugins.
Preloading 0 native plugins for Editor in 0.00 ms.
Mono: successfully reloaded assembly
- Completed reload, in  2.155 seconds
Platform modules already initialized, skipping
Refreshing native plugins compatible for Editor in 1.64 ms, found 3 plugins.
Preloading 0 native plugins for Editor in 0.00 ms.
Unloading 2071 Unused Serialized files (Serialized files now loaded: 0)
System memory in use before: 95.6 MB.
System memory in use after: 95.8 MB.

Unloading 16 unused Assets to reduce memory usage. Loaded Objects now: 2655.
Total: 4.965700 ms (FindLiveObjects: 0.400300 ms CreateObjectMapping: 0.187100 ms MarkObjects: 4.336600 ms  DeleteObjects: 0.039400 ms)

AssetImportParameters requested are different than current active one (requested -> active):
  custom:framework-win-MediaFoundation: 216162199b28c13a410421893ffa2e32 -> 
  custom:video-decoder-ogg-theora: a1e56fd34408186e4bbccfd4996cb3dc -> 
  custom:container-muxer-webm: aa71ff27fc2769a1b78a27578f13a17b -> 
  custom:container-demuxer-webm: 4f35f7cbe854078d1ac9338744f61a02 -> 
  custom:container-demuxer-ogg: 62fdf1f143b41e24485cea50d1cbac27 -> 
  custom:video-encoder-webm-vp8: eb34c28f22e8b96e1ab97ce403110664 -> 
  custom:video-decoder-webm-vp8: 9c59270c3fd7afecdb556c50c9e8de78 -> 
  custom:audio-decoder-ogg-vorbis: bf7c407c2cedff20999df2af8eb42d56 -> 
  custom:audio-encoder-webm-vorbis: bf7c407c2cedff20999df2af8eb42d56 -> 
========================================================================
Received Prepare
Refreshing native plugins compatible for Editor in 11.47 ms, found 3 plugins.
Preloading 0 native plugins for Editor in 0.00 ms.
Unloading 14 Unused Serialized files (Serialized files now loaded: 0)
System memory in use before: 55.0 MB.
System memory in use after: 55.1 MB.

Unloading 14 unused Assets to reduce memory usage. Loaded Objects now: 2655.
Total: 6.341000 ms (FindLiveObjects: 0.390700 ms CreateObjectMapping: 0.195500 ms MarkObjects: 5.715200 ms  DeleteObjects: 0.037000 ms)

AssetImportParameters requested are different than current active one (requested -> active):
  custom:framework-win-MediaFoundation: 216162199b28c13a410421893ffa2e32 -> 
  custom:video-decoder-ogg-theora: a1e56fd34408186e4bbccfd4996cb3dc -> 
  custom:container-muxer-webm: aa71ff27fc2769a1b78a27578f13a17b -> 
  custom:container-demuxer-webm: 4f35f7cbe854078d1ac9338744f61a02 -> 
  custom:container-demuxer-ogg: 62fdf1f143b41e24485cea50d1cbac27 -> 
  custom:video-encoder-webm-vp8: eb34c28f22e8b96e1ab97ce403110664 -> 
  custom:video-decoder-webm-vp8: 9c59270c3fd7afecdb556c50c9e8de78 -> 
  custom:audio-decoder-ogg-vorbis: bf7c407c2cedff20999df2af8eb42d56 -> 
  custom:audio-encoder-webm-vorbis: bf7c407c2cedff20999df2af8eb42d56 -> 
========================================================================
Received Import Request.
  Time since last request: 682.921090 seconds.
  path: Assets/Scenes/Animation
  artifactKey: Guid(76cc076b0d93cb6408792e7249ef8438) Importer(815301076,1909f56bfc062723c751e8b465ee728b)
Start importing Assets/Scenes/Animation using Guid(76cc076b0d93cb6408792e7249ef8438) Importer(815301076,1909f56bfc062723c751e8b465ee728b)  -> (artifact id: '7cb57fbc6522528915915bc9c0025d78') in 0.017158 seconds 
  Import took 0.028247 seconds .

========================================================================
Received Import Request.
  Time since last request: 2.338215 seconds.
  path: Assets/Scenes/Animation/controller.controller
  artifactKey: Guid(b229411b6a005db489b0d18e1f2a806d) Importer(815301076,1909f56bfc062723c751e8b465ee728b)
Start importing Assets/Scenes/Animation/controller.controller using Guid(b229411b6a005db489b0d18e1f2a806d) Importer(815301076,1909f56bfc062723c751e8b465ee728b)  -> (artifact id: '3f035fd9194e3c38c687d4b5f19cfe56') in 0.051216 seconds 
  Import took 0.056061 seconds .

========================================================================
Received Import Request.
  Time since last request: 1696.779733 seconds.
  path: Assets/Scenes/characterScript.cs
  artifactKey: Guid(97209b3001c5a934fb172e86805505f6) Importer(815301076,1909f56bfc062723c751e8b465ee728b)
Start importing Assets/Scenes/characterScript.cs using Guid(97209b3001c5a934fb172e86805505f6) Importer(815301076,1909f56bfc062723c751e8b465ee728b)  -> (artifact id: '22344a6e04d3c7688252e2d44ea962d5') in 0.019680 seconds 
  Import took 0.025224 seconds .

========================================================================
Received Prepare
Registering precompiled user dll's ...
Registered in 0.005148 seconds.
Begin MonoManager ReloadAssembly
Native extension for WindowsStandalone target not found
Native extension for WebGL target not found
Refreshing native plugins compatible for Editor in 0.94 ms, found 3 plugins.
Preloading 0 native plugins for Editor in 0.00 ms.
Mono: successfully reloaded assembly
- Completed reload, in  2.666 seconds
Platform modules already initialized, skipping
Refreshing native plugins compatible for Editor in 1.37 ms, found 3 plugins.
Preloading 0 native plugins for Editor in 0.00 ms.
Unloading 2071 Unused Serialized files (Serialized files now loaded: 0)
System memory in use before: 95.7 MB.
System memory in use after: 95.8 MB.

Unloading 16 unused Assets to reduce memory usage. Loaded Objects now: 2659.
Total: 4.591700 ms (FindLiveObjects: 0.291200 ms CreateObjectMapping: 0.124200 ms MarkObjects: 4.139700 ms  DeleteObjects: 0.035000 ms)

AssetImportParameters requested are different than current active one (requested -> active):
  custom:framework-win-MediaFoundation: 216162199b28c13a410421893ffa2e32 -> 
  custom:video-decoder-ogg-theora: a1e56fd34408186e4bbccfd4996cb3dc -> 
  custom:container-muxer-webm: aa71ff27fc2769a1b78a27578f13a17b -> 
  custom:container-demuxer-webm: 4f35f7cbe854078d1ac9338744f61a02 -> 
  custom:container-demuxer-ogg: 62fdf1f143b41e24485cea50d1cbac27 -> 
  custom:video-encoder-webm-vp8: eb34c28f22e8b96e1ab97ce403110664 -> 
  custom:video-decoder-webm-vp8: 9c59270c3fd7afecdb556c50c9e8de78 -> 
  custom:audio-decoder-ogg-vorbis: bf7c407c2cedff20999df2af8eb42d56 -> 
  custom:audio-encoder-webm-vorbis: bf7c407c2cedff20999df2af8eb42d56 -> 
AssetImportWorkerClient::OnTransportError - code=2 error=End of file
