Using pre-set license
Built from '2020.3/release' branch; Version is '2020.3.12f1 (b3b2c6512326) revision 11776710'; Using compiler version '192528614'; Build Type 'Release'
OS: 'Windows 10 Home Single Language; OS build 19042.1052; Version 2009; 64bit' Language: 'en' Physical Memory: 7973 MB
BatchMode: 1, IsHumanControllingUs: 0, StartBugReporterOnCrash: 0, Is64bit: 1, IsPro: 0

 COMMAND LINE ARGUMENTS:
D:\Unity\2020.3.12f1\Editor\Unity.exe
-adb2
-batchMode
-noUpm
-name
AssetImportWorker1
-projectPath
D:/Desktop/Group 16-Mini Project 1
-logFile
Logs/AssetImportWorker1.log
-srvPort
59822
Successfully changed project path to: D:/Desktop/Group 16-Mini Project 1
D:/Desktop/Group 16-Mini Project 1
Using Asset Import Pipeline V2.
Refreshing native plugins compatible for Editor in 43.63 ms, found 3 plugins.
Preloading 0 native plugins for Editor in 0.00 ms.
Initialize engine version: 2020.3.12f1 (b3b2c6512326)
[Subsystems] Discovering subsystems at path D:/Unity/2020.3.12f1/Editor/Data/Resources/UnitySubsystems
[Subsystems] Discovering subsystems at path D:/Desktop/Group 16-Mini Project 1/Assets
GfxDevice: creating device client; threaded=0
Direct3D:
    Version:  Direct3D 11.0 [level 11.1]
    Renderer: NVIDIA GeForce MX250 (ID=0x1d13)
    Vendor:   
    VRAM:     1983 MB
    Driver:   27.21.14.6230
Initialize mono
Mono path[0] = 'D:/Unity/2020.3.12f1/Editor/Data/Managed'
Mono path[1] = 'D:/Unity/2020.3.12f1/Editor/Data/MonoBleedingEdge/lib/mono/unityjit'
Mono config path = 'D:/Unity/2020.3.12f1/Editor/Data/MonoBleedingEdge/etc'
Using monoOptions --debugger-agent=transport=dt_socket,embedding=1,server=y,suspend=n,address=127.0.0.1:56576
Begin MonoManager ReloadAssembly
Registering precompiled unity dll's ...
Register platform support module: D:/Unity/2020.3.12f1/Editor/Data/PlaybackEngines/WindowsStandaloneSupport/UnityEditor.WindowsStandalone.Extensions.dll
Registered in 0.000946 seconds.
Native extension for WindowsStandalone target not found
Refreshing native plugins compatible for Editor in 36.79 ms, found 3 plugins.
Preloading 0 native plugins for Editor in 0.00 ms.
Mono: successfully reloaded assembly
- Completed reload, in  2.111 seconds
Platform modules already initialized, skipping
Registering precompiled user dll's ...
Registered in 0.002982 seconds.
Begin MonoManager ReloadAssembly
Native extension for WindowsStandalone target not found
Refreshing native plugins compatible for Editor in 39.97 ms, found 3 plugins.
Preloading 0 native plugins for Editor in 0.00 ms.
Mono: successfully reloaded assembly
- Completed reload, in  1.008 seconds
Platform modules already initialized, skipping
========================================================================
Worker process is ready to serve import requests
Launched and connected shader compiler UnityShaderCompiler.exe after 0.08 seconds
Refreshing native plugins compatible for Editor in 0.61 ms, found 3 plugins.
Preloading 0 native plugins for Editor in 0.00 ms.
Unloading 2084 Unused Serialized files (Serialized files now loaded: 0)
System memory in use before: 92.9 MB.
System memory in use after: 93.0 MB.

Unloading 28 unused Assets to reduce memory usage. Loaded Objects now: 2523.
Total: 2.308500 ms (FindLiveObjects: 0.167600 ms CreateObjectMapping: 0.060100 ms MarkObjects: 1.998100 ms  DeleteObjects: 0.080500 ms)

AssetImportParameters requested are different than current active one (requested -> active):
  custom:framework-win-MediaFoundation: 216162199b28c13a410421893ffa2e32 -> 
  custom:video-decoder-ogg-theora: a1e56fd34408186e4bbccfd4996cb3dc -> 
  custom:container-muxer-webm: aa71ff27fc2769a1b78a27578f13a17b -> 
  custom:container-demuxer-webm: 4f35f7cbe854078d1ac9338744f61a02 -> 
  custom:container-demuxer-ogg: 62fdf1f143b41e24485cea50d1cbac27 -> 
  custom:video-encoder-webm-vp8: eb34c28f22e8b96e1ab97ce403110664 -> 
  custom:video-decoder-webm-vp8: 9c59270c3fd7afecdb556c50c9e8de78 -> 
  custom:audio-decoder-ogg-vorbis: bf7c407c2cedff20999df2af8eb42d56 -> 
  custom:audio-encoder-webm-vorbis: bf7c407c2cedff20999df2af8eb42d56 -> 
========================================================================
Received Import Request.
  path: Assets/Script/monsterBehaviour.cs
  artifactKey: Guid(ae1c0ed11749987448a329d3db38d7a5) Importer(815301076,1909f56bfc062723c751e8b465ee728b)
Start importing Assets/Script/monsterBehaviour.cs using Guid(ae1c0ed11749987448a329d3db38d7a5) Importer(815301076,1909f56bfc062723c751e8b465ee728b)  -> (artifact id: '77dc6a4abff8f32296641645116bbbbb') in 0.034024 seconds 
  Import took 0.037472 seconds .

========================================================================
Received Prepare
Registering precompiled user dll's ...
Registered in 0.004015 seconds.
Begin MonoManager ReloadAssembly
Native extension for WindowsStandalone target not found
Refreshing native plugins compatible for Editor in 0.39 ms, found 3 plugins.
Preloading 0 native plugins for Editor in 0.00 ms.
Mono: successfully reloaded assembly
- Completed reload, in  0.898 seconds
Platform modules already initialized, skipping
Refreshing native plugins compatible for Editor in 0.42 ms, found 3 plugins.
Preloading 0 native plugins for Editor in 0.00 ms.
Unloading 2074 Unused Serialized files (Serialized files now loaded: 0)
System memory in use before: 92.4 MB.
System memory in use after: 92.5 MB.

Unloading 16 unused Assets to reduce memory usage. Loaded Objects now: 2527.
Total: 1.926200 ms (FindLiveObjects: 0.158200 ms CreateObjectMapping: 0.060200 ms MarkObjects: 1.689200 ms  DeleteObjects: 0.017000 ms)

AssetImportParameters requested are different than current active one (requested -> active):
  custom:framework-win-MediaFoundation: 216162199b28c13a410421893ffa2e32 -> 
  custom:video-decoder-ogg-theora: a1e56fd34408186e4bbccfd4996cb3dc -> 
  custom:container-muxer-webm: aa71ff27fc2769a1b78a27578f13a17b -> 
  custom:container-demuxer-webm: 4f35f7cbe854078d1ac9338744f61a02 -> 
  custom:container-demuxer-ogg: 62fdf1f143b41e24485cea50d1cbac27 -> 
  custom:video-encoder-webm-vp8: eb34c28f22e8b96e1ab97ce403110664 -> 
  custom:video-decoder-webm-vp8: 9c59270c3fd7afecdb556c50c9e8de78 -> 
  custom:audio-decoder-ogg-vorbis: bf7c407c2cedff20999df2af8eb42d56 -> 
  custom:audio-encoder-webm-vorbis: bf7c407c2cedff20999df2af8eb42d56 -> 
========================================================================
Received Import Request.
  Time since last request: 10.525170 seconds.
  path: Assets/Script/monsterBehaviour.cs
  artifactKey: Guid(ae1c0ed11749987448a329d3db38d7a5) Importer(815301076,1909f56bfc062723c751e8b465ee728b)
Start importing Assets/Script/monsterBehaviour.cs using Guid(ae1c0ed11749987448a329d3db38d7a5) Importer(815301076,1909f56bfc062723c751e8b465ee728b)  -> (artifact id: '37a5517efd3683381c06c7972cdacc21') in 0.005361 seconds 
  Import took 0.008643 seconds .

========================================================================
Received Import Request.
  Time since last request: 0.001937 seconds.
  path: Assets/Script/monsterBehaviour.cs
  artifactKey: Guid(ae1c0ed11749987448a329d3db38d7a5) Importer(815301076,1909f56bfc062723c751e8b465ee728b)
Start importing Assets/Script/monsterBehaviour.cs using Guid(ae1c0ed11749987448a329d3db38d7a5) Importer(815301076,1909f56bfc062723c751e8b465ee728b)  -> (artifact id: '37a5517efd3683381c06c7972cdacc21') in 0.002298 seconds 
  Import took 0.005629 seconds .

========================================================================
Received Prepare
Registering precompiled user dll's ...
Registered in 0.002956 seconds.
Begin MonoManager ReloadAssembly
Native extension for WindowsStandalone target not found
Refreshing native plugins compatible for Editor in 0.39 ms, found 3 plugins.
Preloading 0 native plugins for Editor in 0.00 ms.
Mono: successfully reloaded assembly
- Completed reload, in  0.928 seconds
Platform modules already initialized, skipping
Refreshing native plugins compatible for Editor in 0.41 ms, found 3 plugins.
Preloading 0 native plugins for Editor in 0.00 ms.
Unloading 2074 Unused Serialized files (Serialized files now loaded: 0)
System memory in use before: 92.5 MB.
System memory in use after: 92.6 MB.

Unloading 16 unused Assets to reduce memory usage. Loaded Objects now: 2531.
Total: 2.072400 ms (FindLiveObjects: 0.159600 ms CreateObjectMapping: 0.056300 ms MarkObjects: 1.836100 ms  DeleteObjects: 0.019400 ms)

AssetImportParameters requested are different than current active one (requested -> active):
  custom:framework-win-MediaFoundation: 216162199b28c13a410421893ffa2e32 -> 
  custom:video-decoder-ogg-theora: a1e56fd34408186e4bbccfd4996cb3dc -> 
  custom:container-muxer-webm: aa71ff27fc2769a1b78a27578f13a17b -> 
  custom:container-demuxer-webm: 4f35f7cbe854078d1ac9338744f61a02 -> 
  custom:container-demuxer-ogg: 62fdf1f143b41e24485cea50d1cbac27 -> 
  custom:video-encoder-webm-vp8: eb34c28f22e8b96e1ab97ce403110664 -> 
  custom:video-decoder-webm-vp8: 9c59270c3fd7afecdb556c50c9e8de78 -> 
  custom:audio-decoder-ogg-vorbis: bf7c407c2cedff20999df2af8eb42d56 -> 
  custom:audio-encoder-webm-vorbis: bf7c407c2cedff20999df2af8eb42d56 -> 
========================================================================
Received Import Request.
  Time since last request: 1138.512591 seconds.
  path: Assets/Script/monsterBehaviour.cs
  artifactKey: Guid(ae1c0ed11749987448a329d3db38d7a5) Importer(815301076,1909f56bfc062723c751e8b465ee728b)
Start importing Assets/Script/monsterBehaviour.cs using Guid(ae1c0ed11749987448a329d3db38d7a5) Importer(815301076,1909f56bfc062723c751e8b465ee728b)  -> (artifact id: '367547e6f6448cdcbb8e442802c34f1a') in 0.004974 seconds 
  Import took 0.017120 seconds .

========================================================================
Received Import Request.
  Time since last request: 0.031200 seconds.
  path: Assets/Script/monsterBehaviour.cs
  artifactKey: Guid(ae1c0ed11749987448a329d3db38d7a5) Importer(815301076,1909f56bfc062723c751e8b465ee728b)
Start importing Assets/Script/monsterBehaviour.cs using Guid(ae1c0ed11749987448a329d3db38d7a5) Importer(815301076,1909f56bfc062723c751e8b465ee728b)  -> (artifact id: '367547e6f6448cdcbb8e442802c34f1a') in 0.002158 seconds 
  Import took 0.005935 seconds .

========================================================================
Received Prepare
Registering precompiled user dll's ...
Registered in 0.003397 seconds.
Begin MonoManager ReloadAssembly
Native extension for WindowsStandalone target not found
Refreshing native plugins compatible for Editor in 0.51 ms, found 3 plugins.
Preloading 0 native plugins for Editor in 0.00 ms.
Mono: successfully reloaded assembly
- Completed reload, in  0.943 seconds
Platform modules already initialized, skipping
Refreshing native plugins compatible for Editor in 0.41 ms, found 3 plugins.
Preloading 0 native plugins for Editor in 0.00 ms.
Unloading 2074 Unused Serialized files (Serialized files now loaded: 0)
System memory in use before: 92.5 MB.
System memory in use after: 92.6 MB.

Unloading 16 unused Assets to reduce memory usage. Loaded Objects now: 2535.
Total: 2.250900 ms (FindLiveObjects: 0.158900 ms CreateObjectMapping: 0.057100 ms MarkObjects: 2.017100 ms  DeleteObjects: 0.016900 ms)

AssetImportParameters requested are different than current active one (requested -> active):
  custom:framework-win-MediaFoundation: 216162199b28c13a410421893ffa2e32 -> 
  custom:video-decoder-ogg-theora: a1e56fd34408186e4bbccfd4996cb3dc -> 
  custom:container-muxer-webm: aa71ff27fc2769a1b78a27578f13a17b -> 
  custom:container-demuxer-webm: 4f35f7cbe854078d1ac9338744f61a02 -> 
  custom:container-demuxer-ogg: 62fdf1f143b41e24485cea50d1cbac27 -> 
  custom:video-encoder-webm-vp8: eb34c28f22e8b96e1ab97ce403110664 -> 
  custom:video-decoder-webm-vp8: 9c59270c3fd7afecdb556c50c9e8de78 -> 
  custom:audio-decoder-ogg-vorbis: bf7c407c2cedff20999df2af8eb42d56 -> 
  custom:audio-encoder-webm-vorbis: bf7c407c2cedff20999df2af8eb42d56 -> 
========================================================================
Received Import Request.
  Time since last request: 30.884771 seconds.
  path: Assets/Script/monsterBehaviour.cs
  artifactKey: Guid(ae1c0ed11749987448a329d3db38d7a5) Importer(815301076,1909f56bfc062723c751e8b465ee728b)
Start importing Assets/Script/monsterBehaviour.cs using Guid(ae1c0ed11749987448a329d3db38d7a5) Importer(815301076,1909f56bfc062723c751e8b465ee728b)  -> (artifact id: '85f8cf77a0e87d311fb4f21c8712d0ec') in 0.005383 seconds 
  Import took 0.009134 seconds .

========================================================================
Received Import Request.
  Time since last request: 0.000813 seconds.
  path: Assets/Script/monsterBehaviour.cs
  artifactKey: Guid(ae1c0ed11749987448a329d3db38d7a5) Importer(815301076,1909f56bfc062723c751e8b465ee728b)
Start importing Assets/Script/monsterBehaviour.cs using Guid(ae1c0ed11749987448a329d3db38d7a5) Importer(815301076,1909f56bfc062723c751e8b465ee728b)  -> (artifact id: '85f8cf77a0e87d311fb4f21c8712d0ec') in 0.002260 seconds 
  Import took 0.005908 seconds .

========================================================================
Received Prepare
Registering precompiled user dll's ...
Registered in 0.004052 seconds.
Begin MonoManager ReloadAssembly
Native extension for WindowsStandalone target not found
Refreshing native plugins compatible for Editor in 0.40 ms, found 3 plugins.
Preloading 0 native plugins for Editor in 0.00 ms.
Mono: successfully reloaded assembly
- Completed reload, in  0.911 seconds
Platform modules already initialized, skipping
Refreshing native plugins compatible for Editor in 0.42 ms, found 3 plugins.
Preloading 0 native plugins for Editor in 0.00 ms.
Unloading 2074 Unused Serialized files (Serialized files now loaded: 0)
System memory in use before: 92.5 MB.
System memory in use after: 92.6 MB.

Unloading 16 unused Assets to reduce memory usage. Loaded Objects now: 2539.
Total: 1.901900 ms (FindLiveObjects: 0.159100 ms CreateObjectMapping: 0.059900 ms MarkObjects: 1.665200 ms  DeleteObjects: 0.016400 ms)

AssetImportParameters requested are different than current active one (requested -> active):
  custom:framework-win-MediaFoundation: 216162199b28c13a410421893ffa2e32 -> 
  custom:video-decoder-ogg-theora: a1e56fd34408186e4bbccfd4996cb3dc -> 
  custom:container-muxer-webm: aa71ff27fc2769a1b78a27578f13a17b -> 
  custom:container-demuxer-webm: 4f35f7cbe854078d1ac9338744f61a02 -> 
  custom:container-demuxer-ogg: 62fdf1f143b41e24485cea50d1cbac27 -> 
  custom:video-encoder-webm-vp8: eb34c28f22e8b96e1ab97ce403110664 -> 
  custom:video-decoder-webm-vp8: 9c59270c3fd7afecdb556c50c9e8de78 -> 
  custom:audio-decoder-ogg-vorbis: bf7c407c2cedff20999df2af8eb42d56 -> 
  custom:audio-encoder-webm-vorbis: bf7c407c2cedff20999df2af8eb42d56 -> 
========================================================================
Received Import Request.
  Time since last request: 50.065159 seconds.
  path: Assets/Script/monsterBehaviour.cs
  artifactKey: Guid(ae1c0ed11749987448a329d3db38d7a5) Importer(815301076,1909f56bfc062723c751e8b465ee728b)
Start importing Assets/Script/monsterBehaviour.cs using Guid(ae1c0ed11749987448a329d3db38d7a5) Importer(815301076,1909f56bfc062723c751e8b465ee728b)  -> (artifact id: 'c4d71b0f50a403b4ac97d7a7b9745eee') in 0.004816 seconds 
  Import took 0.013228 seconds .

========================================================================
Received Import Request.
  Time since last request: 0.033738 seconds.
  path: Assets/Script/monsterBehaviour.cs
  artifactKey: Guid(ae1c0ed11749987448a329d3db38d7a5) Importer(815301076,1909f56bfc062723c751e8b465ee728b)
Start importing Assets/Script/monsterBehaviour.cs using Guid(ae1c0ed11749987448a329d3db38d7a5) Importer(815301076,1909f56bfc062723c751e8b465ee728b)  -> (artifact id: 'c4d71b0f50a403b4ac97d7a7b9745eee') in 0.002021 seconds 
  Import took 0.005453 seconds .

========================================================================
Received Prepare
Registering precompiled user dll's ...
Registered in 0.003263 seconds.
Begin MonoManager ReloadAssembly
Native extension for WindowsStandalone target not found
Refreshing native plugins compatible for Editor in 0.39 ms, found 3 plugins.
Preloading 0 native plugins for Editor in 0.00 ms.
Mono: successfully reloaded assembly
- Completed reload, in  0.920 seconds
Platform modules already initialized, skipping
Refreshing native plugins compatible for Editor in 0.41 ms, found 3 plugins.
Preloading 0 native plugins for Editor in 0.00 ms.
Unloading 2074 Unused Serialized files (Serialized files now loaded: 0)
System memory in use before: 92.5 MB.
System memory in use after: 92.6 MB.

Unloading 16 unused Assets to reduce memory usage. Loaded Objects now: 2543.
Total: 2.471300 ms (FindLiveObjects: 0.159600 ms CreateObjectMapping: 0.059500 ms MarkObjects: 2.199400 ms  DeleteObjects: 0.051600 ms)

AssetImportParameters requested are different than current active one (requested -> active):
  custom:framework-win-MediaFoundation: 216162199b28c13a410421893ffa2e32 -> 
  custom:video-decoder-ogg-theora: a1e56fd34408186e4bbccfd4996cb3dc -> 
  custom:container-muxer-webm: aa71ff27fc2769a1b78a27578f13a17b -> 
  custom:container-demuxer-webm: 4f35f7cbe854078d1ac9338744f61a02 -> 
  custom:container-demuxer-ogg: 62fdf1f143b41e24485cea50d1cbac27 -> 
  custom:video-encoder-webm-vp8: eb34c28f22e8b96e1ab97ce403110664 -> 
  custom:video-decoder-webm-vp8: 9c59270c3fd7afecdb556c50c9e8de78 -> 
  custom:audio-decoder-ogg-vorbis: bf7c407c2cedff20999df2af8eb42d56 -> 
  custom:audio-encoder-webm-vorbis: bf7c407c2cedff20999df2af8eb42d56 -> 
========================================================================
Received Import Request.
  Time since last request: 65.087785 seconds.
  path: Assets/Script/monsterBehaviour.cs
  artifactKey: Guid(ae1c0ed11749987448a329d3db38d7a5) Importer(815301076,1909f56bfc062723c751e8b465ee728b)
Start importing Assets/Script/monsterBehaviour.cs using Guid(ae1c0ed11749987448a329d3db38d7a5) Importer(815301076,1909f56bfc062723c751e8b465ee728b)  -> (artifact id: 'fba12c2b1033565adbbd622756644353') in 0.004807 seconds 
  Import took 0.016500 seconds .

========================================================================
Received Import Request.
  Time since last request: 0.030707 seconds.
  path: Assets/Script/monsterBehaviour.cs
  artifactKey: Guid(ae1c0ed11749987448a329d3db38d7a5) Importer(815301076,1909f56bfc062723c751e8b465ee728b)
Start importing Assets/Script/monsterBehaviour.cs using Guid(ae1c0ed11749987448a329d3db38d7a5) Importer(815301076,1909f56bfc062723c751e8b465ee728b)  -> (artifact id: 'fba12c2b1033565adbbd622756644353') in 0.002260 seconds 
  Import took 0.006582 seconds .

========================================================================
Received Prepare
Registering precompiled user dll's ...
Registered in 0.002944 seconds.
Begin MonoManager ReloadAssembly
Native extension for WindowsStandalone target not found
Refreshing native plugins compatible for Editor in 0.42 ms, found 3 plugins.
Preloading 0 native plugins for Editor in 0.00 ms.
Mono: successfully reloaded assembly
- Completed reload, in  0.905 seconds
Platform modules already initialized, skipping
Refreshing native plugins compatible for Editor in 0.43 ms, found 3 plugins.
Preloading 0 native plugins for Editor in 0.00 ms.
Unloading 2074 Unused Serialized files (Serialized files now loaded: 0)
System memory in use before: 92.5 MB.
System memory in use after: 92.6 MB.

Unloading 16 unused Assets to reduce memory usage. Loaded Objects now: 2547.
Total: 1.896600 ms (FindLiveObjects: 0.163400 ms CreateObjectMapping: 0.058400 ms MarkObjects: 1.656500 ms  DeleteObjects: 0.017300 ms)

AssetImportParameters requested are different than current active one (requested -> active):
  custom:framework-win-MediaFoundation: 216162199b28c13a410421893ffa2e32 -> 
  custom:video-decoder-ogg-theora: a1e56fd34408186e4bbccfd4996cb3dc -> 
  custom:container-muxer-webm: aa71ff27fc2769a1b78a27578f13a17b -> 
  custom:container-demuxer-webm: 4f35f7cbe854078d1ac9338744f61a02 -> 
  custom:container-demuxer-ogg: 62fdf1f143b41e24485cea50d1cbac27 -> 
  custom:video-encoder-webm-vp8: eb34c28f22e8b96e1ab97ce403110664 -> 
  custom:video-decoder-webm-vp8: 9c59270c3fd7afecdb556c50c9e8de78 -> 
  custom:audio-decoder-ogg-vorbis: bf7c407c2cedff20999df2af8eb42d56 -> 
  custom:audio-encoder-webm-vorbis: bf7c407c2cedff20999df2af8eb42d56 -> 
========================================================================
Received Import Request.
  Time since last request: 23.194993 seconds.
  path: Assets/Script/monsterBehaviour.cs
  artifactKey: Guid(ae1c0ed11749987448a329d3db38d7a5) Importer(815301076,1909f56bfc062723c751e8b465ee728b)
Start importing Assets/Script/monsterBehaviour.cs using Guid(ae1c0ed11749987448a329d3db38d7a5) Importer(815301076,1909f56bfc062723c751e8b465ee728b)  -> (artifact id: 'e82dc7cd234d084f2dc76b4639706681') in 0.005082 seconds 
  Import took 0.016092 seconds .

========================================================================
Received Import Request.
  Time since last request: 0.029774 seconds.
  path: Assets/Script/monsterBehaviour.cs
  artifactKey: Guid(ae1c0ed11749987448a329d3db38d7a5) Importer(815301076,1909f56bfc062723c751e8b465ee728b)
Start importing Assets/Script/monsterBehaviour.cs using Guid(ae1c0ed11749987448a329d3db38d7a5) Importer(815301076,1909f56bfc062723c751e8b465ee728b)  -> (artifact id: 'e82dc7cd234d084f2dc76b4639706681') in 0.002233 seconds 
  Import took 0.006553 seconds .

========================================================================
Received Prepare
Registering precompiled user dll's ...
Registered in 0.004008 seconds.
Begin MonoManager ReloadAssembly
Native extension for WindowsStandalone target not found
Refreshing native plugins compatible for Editor in 0.39 ms, found 3 plugins.
Preloading 0 native plugins for Editor in 0.00 ms.
Mono: successfully reloaded assembly
- Completed reload, in  0.915 seconds
Platform modules already initialized, skipping
Refreshing native plugins compatible for Editor in 0.43 ms, found 3 plugins.
Preloading 0 native plugins for Editor in 0.00 ms.
Unloading 2074 Unused Serialized files (Serialized files now loaded: 0)
System memory in use before: 92.5 MB.
System memory in use after: 92.7 MB.

Unloading 16 unused Assets to reduce memory usage. Loaded Objects now: 2551.
Total: 2.041600 ms (FindLiveObjects: 0.199400 ms CreateObjectMapping: 0.092200 ms MarkObjects: 1.696200 ms  DeleteObjects: 0.052600 ms)

AssetImportParameters requested are different than current active one (requested -> active):
  custom:framework-win-MediaFoundation: 216162199b28c13a410421893ffa2e32 -> 
  custom:video-decoder-ogg-theora: a1e56fd34408186e4bbccfd4996cb3dc -> 
  custom:container-muxer-webm: aa71ff27fc2769a1b78a27578f13a17b -> 
  custom:container-demuxer-webm: 4f35f7cbe854078d1ac9338744f61a02 -> 
  custom:container-demuxer-ogg: 62fdf1f143b41e24485cea50d1cbac27 -> 
  custom:video-encoder-webm-vp8: eb34c28f22e8b96e1ab97ce403110664 -> 
  custom:video-decoder-webm-vp8: 9c59270c3fd7afecdb556c50c9e8de78 -> 
  custom:audio-decoder-ogg-vorbis: bf7c407c2cedff20999df2af8eb42d56 -> 
  custom:audio-encoder-webm-vorbis: bf7c407c2cedff20999df2af8eb42d56 -> 
========================================================================
Received Import Request.
  Time since last request: 106.132398 seconds.
  path: Assets/Script/monsterBehaviour.cs
  artifactKey: Guid(ae1c0ed11749987448a329d3db38d7a5) Importer(815301076,1909f56bfc062723c751e8b465ee728b)
Start importing Assets/Script/monsterBehaviour.cs using Guid(ae1c0ed11749987448a329d3db38d7a5) Importer(815301076,1909f56bfc062723c751e8b465ee728b)  -> (artifact id: '6df44fc796ca5bc1174364dbb3c8da51') in 0.004665 seconds 
  Import took 0.016598 seconds .

========================================================================
Received Import Request.
  Time since last request: 0.032601 seconds.
  path: Assets/Script/monsterBehaviour.cs
  artifactKey: Guid(ae1c0ed11749987448a329d3db38d7a5) Importer(815301076,1909f56bfc062723c751e8b465ee728b)
Start importing Assets/Script/monsterBehaviour.cs using Guid(ae1c0ed11749987448a329d3db38d7a5) Importer(815301076,1909f56bfc062723c751e8b465ee728b)  -> (artifact id: '6df44fc796ca5bc1174364dbb3c8da51') in 0.002157 seconds 
  Import took 0.006009 seconds .

========================================================================
Received Prepare
Registering precompiled user dll's ...
Registered in 0.002759 seconds.
Begin MonoManager ReloadAssembly
Native extension for WindowsStandalone target not found
Refreshing native plugins compatible for Editor in 0.43 ms, found 3 plugins.
Preloading 0 native plugins for Editor in 0.00 ms.
Mono: successfully reloaded assembly
- Completed reload, in  0.896 seconds
Platform modules already initialized, skipping
Refreshing native plugins compatible for Editor in 0.43 ms, found 3 plugins.
Preloading 0 native plugins for Editor in 0.00 ms.
Unloading 2074 Unused Serialized files (Serialized files now loaded: 0)
System memory in use before: 92.5 MB.
System memory in use after: 92.7 MB.

Unloading 16 unused Assets to reduce memory usage. Loaded Objects now: 2555.
Total: 2.081600 ms (FindLiveObjects: 0.163300 ms CreateObjectMapping: 0.061200 ms MarkObjects: 1.834100 ms  DeleteObjects: 0.021800 ms)

AssetImportParameters requested are different than current active one (requested -> active):
  custom:framework-win-MediaFoundation: 216162199b28c13a410421893ffa2e32 -> 
  custom:video-decoder-ogg-theora: a1e56fd34408186e4bbccfd4996cb3dc -> 
  custom:container-muxer-webm: aa71ff27fc2769a1b78a27578f13a17b -> 
  custom:container-demuxer-webm: 4f35f7cbe854078d1ac9338744f61a02 -> 
  custom:container-demuxer-ogg: 62fdf1f143b41e24485cea50d1cbac27 -> 
  custom:video-encoder-webm-vp8: eb34c28f22e8b96e1ab97ce403110664 -> 
  custom:video-decoder-webm-vp8: 9c59270c3fd7afecdb556c50c9e8de78 -> 
  custom:audio-decoder-ogg-vorbis: bf7c407c2cedff20999df2af8eb42d56 -> 
  custom:audio-encoder-webm-vorbis: bf7c407c2cedff20999df2af8eb42d56 -> 
AssetImportWorkerClient::OnTransportError - code=2 error=End of file
