Using pre-set license
Built from '2020.3/release' branch; Version is '2020.3.12f1 (b3b2c6512326) revision 11776710'; Using compiler version '192528614'; Build Type 'Release'
OS: 'Windows 10 Pro; OS build 19042.928; Version 2009; 64bit' Language: 'en' Physical Memory: 16243 MB
BatchMode: 1, IsHumanControllingUs: 0, StartBugReporterOnCrash: 0, Is64bit: 1, IsPro: 0

 COMMAND LINE ARGUMENTS:
C:\Program Files\Unity\Hub\Editor\2020.3.12f1\Editor\Unity.exe
-adb2
-batchMode
-noUpm
-name
AssetImportWorker0
-projectPath
C:/Users/nghoa/Desktop/GameDev-A01/Group 16-Mini Project 1
-logFile
Logs/AssetImportWorker0.log
-srvPort
58317
Successfully changed project path to: C:/Users/nghoa/Desktop/GameDev-A01/Group 16-Mini Project 1
C:/Users/nghoa/Desktop/GameDev-A01/Group 16-Mini Project 1
Using Asset Import Pipeline V2.
Refreshing native plugins compatible for Editor in 31.90 ms, found 2 plugins.
Preloading 0 native plugins for Editor in 0.00 ms.
Initialize engine version: 2020.3.12f1 (b3b2c6512326)
[Subsystems] Discovering subsystems at path C:/Program Files/Unity/Hub/Editor/2020.3.12f1/Editor/Data/Resources/UnitySubsystems
[Subsystems] Discovering subsystems at path C:/Users/nghoa/Desktop/GameDev-A01/Group 16-Mini Project 1/Assets
GfxDevice: creating device client; threaded=0
Direct3D:
    Version:  Direct3D 11.0 [level 11.1]
    Renderer: Intel(R) UHD Graphics 620 (ID=0x5917)
    Vendor:   
    VRAM:     8121 MB
    Driver:   27.20.100.8681
Initialize mono
Mono path[0] = 'C:/Program Files/Unity/Hub/Editor/2020.3.12f1/Editor/Data/Managed'
Mono path[1] = 'C:/Program Files/Unity/Hub/Editor/2020.3.12f1/Editor/Data/MonoBleedingEdge/lib/mono/unityjit'
Mono config path = 'C:/Program Files/Unity/Hub/Editor/2020.3.12f1/Editor/Data/MonoBleedingEdge/etc'
Using monoOptions --debugger-agent=transport=dt_socket,embedding=1,server=y,suspend=n,address=127.0.0.1:56136
Begin MonoManager ReloadAssembly
Registering precompiled unity dll's ...
Register platform support module: C:/Program Files/Unity/Hub/Editor/2020.3.12f1/Editor/Data/PlaybackEngines/WebGLSupport/UnityEditor.WebGL.Extensions.dll
Register platform support module: C:/Program Files/Unity/Hub/Editor/2020.3.12f1/Editor/Data/PlaybackEngines/WindowsStandaloneSupport/UnityEditor.WindowsStandalone.Extensions.dll
Registered in 0.002525 seconds.
Native extension for WindowsStandalone target not found
Native extension for WebGL target not found
Refreshing native plugins compatible for Editor in 27.91 ms, found 2 plugins.
Preloading 0 native plugins for Editor in 0.00 ms.
Mono: successfully reloaded assembly
- Completed reload, in  1.066 seconds
Platform modules already initialized, skipping
Registering precompiled user dll's ...
Registered in 0.003878 seconds.
Begin MonoManager ReloadAssembly
Native extension for WindowsStandalone target not found
Native extension for WebGL target not found
Refreshing native plugins compatible for Editor in 0.29 ms, found 2 plugins.
Preloading 0 native plugins for Editor in 0.00 ms.
Mono: successfully reloaded assembly
- Completed reload, in  1.018 seconds
Platform modules already initialized, skipping
========================================================================
Worker process is ready to serve import requests
Launched and connected shader compiler UnityShaderCompiler.exe after 0.04 seconds
Refreshing native plugins compatible for Editor in 0.27 ms, found 2 plugins.
Preloading 0 native plugins for Editor in 0.00 ms.
Unloading 1388 Unused Serialized files (Serialized files now loaded: 0)
System memory in use before: 64.6 MB.
System memory in use after: 64.7 MB.

Unloading 18 unused Assets to reduce memory usage. Loaded Objects now: 1823.
Total: 1.798100 ms (FindLiveObjects: 0.139800 ms CreateObjectMapping: 0.043400 ms MarkObjects: 1.557300 ms  DeleteObjects: 0.056400 ms)

AssetImportParameters requested are different than current active one (requested -> active):
  custom:framework-win-MediaFoundation: 216162199b28c13a410421893ffa2e32 -> 
  custom:video-decoder-ogg-theora: a1e56fd34408186e4bbccfd4996cb3dc -> 
  custom:container-muxer-webm: aa71ff27fc2769a1b78a27578f13a17b -> 
  custom:container-demuxer-webm: 4f35f7cbe854078d1ac9338744f61a02 -> 
  custom:container-demuxer-ogg: 62fdf1f143b41e24485cea50d1cbac27 -> 
  custom:video-encoder-webm-vp8: eb34c28f22e8b96e1ab97ce403110664 -> 
  custom:video-decoder-webm-vp8: 9c59270c3fd7afecdb556c50c9e8de78 -> 
  custom:audio-decoder-ogg-vorbis: bf7c407c2cedff20999df2af8eb42d56 -> 
  custom:audio-encoder-webm-vorbis: bf7c407c2cedff20999df2af8eb42d56 -> 
========================================================================
Received Import Request.
  path: Assets/Rectangular Palette.prefab
  artifactKey: Guid(a736fd7762a28034f8f579033d66d565) Importer(815301076,1909f56bfc062723c751e8b465ee728b)
Start importing Assets/Rectangular Palette.prefab using Guid(a736fd7762a28034f8f579033d66d565) Importer(815301076,1909f56bfc062723c751e8b465ee728b)  -> (artifact id: '7c8ba6761c6a0f12bd89baffd855b8d9') in 0.054305 seconds 
  Import took 0.056558 seconds .

========================================================================
Received Import Request.
  Time since last request: 1.368937 seconds.
  path: Assets/Scenes
  artifactKey: Guid(260bf0787a367f548a2614e73bc8c34e) Importer(815301076,1909f56bfc062723c751e8b465ee728b)
Start importing Assets/Scenes using Guid(260bf0787a367f548a2614e73bc8c34e) Importer(815301076,1909f56bfc062723c751e8b465ee728b)  -> (artifact id: '0e9fad7f49cc02376fd218c9cc749b88') in 0.009890 seconds 
  Import took 0.013291 seconds .

========================================================================
Received Import Request.
  Time since last request: 0.647500 seconds.
  path: Assets/Scenes/JumpQueenSence.unity
  artifactKey: Guid(2cda990e2423bbf4892e6590ba056729) Importer(815301076,1909f56bfc062723c751e8b465ee728b)
Start importing Assets/Scenes/JumpQueenSence.unity using Guid(2cda990e2423bbf4892e6590ba056729) Importer(815301076,1909f56bfc062723c751e8b465ee728b)  -> (artifact id: 'bc8901820f4384db38cd273fb8e297b1') in 0.002800 seconds 
  Import took 0.005715 seconds .

========================================================================
Received Import Request.
  Time since last request: 24.603126 seconds.
  path: Assets/Script/cameraFollow.cs
  artifactKey: Guid(5c7b35644a067d848a16cfcdff9713e1) Importer(815301076,1909f56bfc062723c751e8b465ee728b)
Start importing Assets/Script/cameraFollow.cs using Guid(5c7b35644a067d848a16cfcdff9713e1) Importer(815301076,1909f56bfc062723c751e8b465ee728b)  -> (artifact id: '487a26d0bc953a8ed61738fcff0513e6') in 0.010581 seconds 
  Import took 0.013520 seconds .

